# JRE version: Java(TM) SE Runtime Environment (8.0_65-b17) (build 1.8.0_65-b17)
# Java VM: Java HotSpot(TM) 64-Bit Server VM (25.65-b01 mixed mode windows-amd64 compressed oops)
Heap:
 PSYoungGen      total 1092096K, used 344810K [0x0000000740000000, 0x0000000792580000, 0x00000007c0000000)
  eden space 1048576K, 28% used [0x0000000740000000,0x000000075263e658,0x0000000780000000)
  from space 43520K, 99% used [0x0000000780000000,0x0000000782a7c420,0x0000000782a80000)
  to   space 60928K, 0% used [0x000000078ea00000,0x000000078ea00000,0x0000000792580000)
 ParOldGen       total 699392K, used 67549K [0x0000000640000000, 0x000000066ab00000, 0x0000000740000000)
  object space 699392K, 9% used [0x0000000640000000,0x00000006441f7490,0x000000066ab00000)
 Metaspace       used 30350K, capacity 30529K, committed 30768K, reserved 1077248K
  class space    used 3765K, capacity 3837K, committed 3888K, reserved 1048576K
GC Heap History (10 events):
Event: 5.189 GC heap before
{Heap before GC invocations=2 (full 0):
 PSYoungGen      total 305664K, used 298812K [0x0000000740000000, 0x0000000765500000, 0x00000007c0000000)
  eden space 262144K, 100% used [0x0000000740000000,0x0000000750000000,0x0000000750000000)
  from space 43520K, 84% used [0x0000000750000000,0x00000007523cf0c8,0x0000000752a80000)
  to   space 43520K, 0% used [0x0000000762a80000,0x0000000762a80000,0x0000000765500000)
 ParOldGen       total 699392K, used 80K [0x0000000640000000, 0x000000066ab00000, 0x0000000740000000)
  object space 699392K, 0% used [0x0000000640000000,0x0000000640014010,0x000000066ab00000)
 Metaspace       used 18373K, capacity 18610K, committed 18944K, reserved 1067008K
  class space    used 2174K, capacity 2249K, committed 2304K, reserved 1048576K
Event: 5.221 GC heap after
Heap after GC invocations=2 (full 0):
 PSYoungGen      total 567808K, used 43489K [0x0000000740000000, 0x0000000765500000, 0x00000007c0000000)
  eden space 524288K, 0% used [0x0000000740000000,0x0000000740000000,0x0000000760000000)
  from space 43520K, 99% used [0x0000000762a80000,0x00000007654f8698,0x0000000765500000)
  to   space 43520K, 0% used [0x0000000760000000,0x0000000760000000,0x0000000762a80000)
 ParOldGen       total 699392K, used 1470K [0x0000000640000000, 0x000000066ab00000, 0x0000000740000000)
  object space 699392K, 0% used [0x0000000640000000,0x000000064016fb18,0x000000066ab00000)
 Metaspace       used 18373K, capacity 18610K, committed 18944K, reserved 1067008K
  class space    used 2174K, capacity 2249K, committed 2304K, reserved 1048576K
}
Event: 6.049 GC heap before
{Heap before GC invocations=3 (full 0):
 PSYoungGen      total 567808K, used 243905K [0x0000000740000000, 0x0000000765500000, 0x00000007c0000000)
  eden space 524288K, 38% used [0x0000000740000000,0x000000074c3b7dc8,0x0000000760000000)
  from space 43520K, 99% used [0x0000000762a80000,0x00000007654f8698,0x0000000765500000)
  to   space 43520K, 0% used [0x0000000760000000,0x0000000760000000,0x0000000762a80000)
 ParOldGen       total 699392K, used 1470K [0x0000000640000000, 0x000000066ab00000, 0x0000000740000000)
  object space 699392K, 0% used [0x0000000640000000,0x000000064016fb18,0x000000066ab00000)
 Metaspace       used 20941K, capacity 21176K, committed 21296K, reserved 1067008K
  class space    used 2726K, capacity 2826K, committed 2864K, reserved 1048576K
Event: 6.080 GC heap after
Heap after GC invocations=3 (full 0):
 PSYoungGen      total 567808K, used 43511K [0x0000000740000000, 0x0000000785500000, 0x00000007c0000000)
  eden space 524288K, 0% used [0x0000000740000000,0x0000000740000000,0x0000000760000000)
  from space 43520K, 99% used [0x0000000760000000,0x0000000762a7dd58,0x0000000762a80000)
  to   space 43520K, 0% used [0x0000000782a80000,0x0000000782a80000,0x0000000785500000)
 ParOldGen       total 699392K, used 4832K [0x0000000640000000, 0x000000066ab00000, 0x0000000740000000)
  object space 699392K, 0% used [0x0000000640000000,0x00000006404b8328,0x000000066ab00000)
 Metaspace       used 20941K, capacity 21176K, committed 21296K, reserved 1067008K
  class space    used 2726K, capacity 2826K, committed 2864K, reserved 1048576K
}
Event: 6.080 GC heap before
{Heap before GC invocations=4 (full 1):
 PSYoungGen      total 567808K, used 43511K [0x0000000740000000, 0x0000000785500000, 0x00000007c0000000)
  eden space 524288K, 0% used [0x0000000740000000,0x0000000740000000,0x0000000760000000)
  from space 43520K, 99% used [0x0000000760000000,0x0000000762a7dd58,0x0000000762a80000)
  to   space 43520K, 0% used [0x0000000782a80000,0x0000000782a80000,0x0000000785500000)
 ParOldGen       total 699392K, used 4832K [0x0000000640000000, 0x000000066ab00000, 0x0000000740000000)
  object space 699392K, 0% used [0x0000000640000000,0x00000006404b8328,0x000000066ab00000)
 Metaspace       used 20941K, capacity 21176K, committed 21296K, reserved 1067008K
  class space    used 2726K, capacity 2826K, committed 2864K, reserved 1048576K
Event: 6.179 GC heap after
Heap after GC invocations=4 (full 1):
 PSYoungGen      total 567808K, used 0K [0x0000000740000000, 0x0000000785500000, 0x00000007c0000000)
  eden space 524288K, 0% used [0x0000000740000000,0x0000000740000000,0x0000000760000000)
  from space 43520K, 0% used [0x0000000760000000,0x0000000760000000,0x0000000762a80000)
  to   space 43520K, 0% used [0x0000000782a80000,0x0000000782a80000,0x0000000785500000)
 ParOldGen       total 699392K, used 45988K [0x0000000640000000, 0x000000066ab00000, 0x0000000740000000)
  object space 699392K, 6% used [0x0000000640000000,0x0000000642ce91e0,0x000000066ab00000)
 Metaspace       used 20941K, capacity 21176K, committed 21296K, reserved 1067008K
  class space    used 2726K, capacity 2826K, committed 2864K, reserved 1048576K
}
Event: 10.108 GC heap before
{Heap before GC invocations=5 (full 1):
 PSYoungGen      total 567808K, used 524288K [0x0000000740000000, 0x0000000785500000, 0x00000007c0000000)
  eden space 524288K, 100% used [0x0000000740000000,0x0000000760000000,0x0000000760000000)
  from space 43520K, 0% used [0x0000000760000000,0x0000000760000000,0x0000000762a80000)
  to   space 43520K, 0% used [0x0000000782a80000,0x0000000782a80000,0x0000000785500000)
 ParOldGen       total 699392K, used 45988K [0x0000000640000000, 0x000000066ab00000, 0x0000000740000000)
  object space 699392K, 6% used [0x0000000640000000,0x0000000642ce91e0,0x000000066ab00000)
 Metaspace       used 25109K, capacity 25373K, committed 25520K, reserved 1071104K
  class space    used 3136K, capacity 3213K, committed 3248K, reserved 1048576K
Event: 10.159 GC heap after
Heap after GC invocations=5 (full 1):
 PSYoungGen      total 857600K, used 43495K [0x0000000740000000, 0x0000000785500000, 0x00000007c0000000)
  eden space 814080K, 0% used [0x0000000740000000,0x0000000740000000,0x0000000771b00000)
  from space 43520K, 99% used [0x0000000782a80000,0x00000007854f9f78,0x0000000785500000)
  to   space 43520K, 0% used [0x0000000780000000,0x0000000780000000,0x0000000782a80000)
 ParOldGen       total 699392K, used 62979K [0x0000000640000000, 0x000000066ab00000, 0x0000000740000000)
  object space 699392K, 9% used [0x0000000640000000,0x0000000643d80c90,0x000000066ab00000)
 Metaspace       used 25109K, capacity 25373K, committed 25520K, reserved 1071104K
  class space    used 3136K, capacity 3213K, committed 3248K, reserved 1048576K
}
Event: 16.405 GC heap before
{Heap before GC invocations=6 (full 1):
 PSYoungGen      total 857600K, used 857575K [0x0000000740000000, 0x0000000785500000, 0x00000007c0000000)
  eden space 814080K, 100% used [0x0000000740000000,0x0000000771b00000,0x0000000771b00000)
  from space 43520K, 99% used [0x0000000782a80000,0x00000007854f9f78,0x0000000785500000)
  to   space 43520K, 0% used [0x0000000780000000,0x0000000780000000,0x0000000782a80000)
 ParOldGen       total 699392K, used 62979K [0x0000000640000000, 0x000000066ab00000, 0x0000000740000000)
  object space 699392K, 9% used [0x0000000640000000,0x0000000643d80c90,0x000000066ab00000)
 Metaspace       used 29608K, capacity 29851K, committed 30256K, reserved 1075200K
  class space    used 3704K, capacity 3804K, committed 3888K, reserved 1048576K
Event: 16.448 GC heap after
Heap after GC invocations=6 (full 1):
 PSYoungGen      total 1092096K, used 43505K [0x0000000740000000, 0x0000000792580000, 0x00000007c0000000)
  eden space 1048576K, 0% used [0x0000000740000000,0x0000000740000000,0x0000000780000000)
  from space 43520K, 99% used [0x0000000780000000,0x0000000782a7c420,0x0000000782a80000)
  to   space 60928K, 0% used [0x000000078ea00000,0x000000078ea00000,0x0000000792580000)
 ParOldGen       total 699392K, used 67549K [0x0000000640000000, 0x000000066ab00000, 0x0000000740000000)
  object space 699392K, 9% used [0x0000000640000000,0x00000006441f7490,0x000000066ab00000)
 Metaspace       used 29608K, capacity 29851K, committed 30256K, reserved 1075200K
  class space    used 3704K, capacity 3804K, committed 3888K, reserved 1048576K
}

